2025-06-15T17:44:56: Server running on port 3001
2025-06-15T17:44:56: Attempting to start bot...
2025-06-15T17:44:58: MongoDB connected successfully
2025-06-18T17:45:31: Server running on port 3001
2025-06-18T17:45:31: Attempting to start bot...
2025-06-18T17:45:31: Retrying in 10 seconds...
2025-06-18T17:45:32: MongoDB connected successfully
2025-06-18T17:45:41: Attempting to start bot...
2025-06-18T17:45:41: Retrying in 10 seconds...
2025-06-18T17:45:54: Attempting to start bot...
2025-06-27T11:37:53: Server running on port 3001
2025-06-27T11:37:53: Attempting to start bot...
2025-06-27T11:37:55: MongoDB connected successfully
2025-06-27T11:49:42: Bot started successfully
2025-06-27T11:50:06: Server running on port 3001
2025-06-27T11:50:06: Attempting to start bot...
2025-06-27T11:50:07: Retrying in 10 seconds...
2025-06-27T11:50:17: Attempting to start bot...
2025-06-27T11:50:17: Retrying in 10 seconds...
2025-06-27T11:50:27: Attempting to start bot...
2025-06-27T11:50:27: Retrying in 10 seconds...
2025-06-27T11:50:37: Attempting to start bot...
2025-06-27T11:56:34: Bot started successfully
2025-06-27T11:56:40: Server running on port 3001
2025-06-27T11:56:40: Attempting to start bot...
2025-06-27T11:56:42: MongoDB connected successfully
2025-06-27T11:57:19: Bot started successfully
2025-06-27T11:57:32: Server running on port 3001
2025-06-27T11:57:32: Attempting to start bot...
2025-06-27T11:57:32: Retrying in 10 seconds...
2025-06-27T11:57:33: MongoDB connected successfully
2025-06-27T11:57:42: Attempting to start bot...
2025-06-27T11:57:42: Retrying in 10 seconds...
2025-06-27T11:57:52: Attempting to start bot...
2025-06-27T11:57:53: Retrying in 10 seconds...
2025-06-27T11:58:03: Attempting to start bot...
2025-06-27T11:58:03: Retrying in 10 seconds...
2025-06-27T11:58:13: Attempting to start bot...
2025-06-27T11:58:14: Retrying in 10 seconds...
2025-06-27T11:58:24: Attempting to start bot...
2025-06-27T11:58:24: Retrying in 10 seconds...
2025-06-27T12:00:52: Attempting to start bot...
2025-06-27T12:00:52: Retrying in 10 seconds...
2025-06-27T12:01:02: Attempting to start bot...
2025-06-27T12:01:03: Retrying in 10 seconds...
2025-06-27T12:01:13: Attempting to start bot...
2025-06-27T12:01:14: Retrying in 10 seconds...
2025-06-27T12:01:24: Attempting to start bot...
2025-06-27T12:01:25: Retrying in 10 seconds...
2025-06-27T12:01:35: Attempting to start bot...
2025-06-27T12:01:35: Retrying in 10 seconds...
2025-06-27T12:01:45: Attempting to start bot...
2025-06-27T12:01:45: Retrying in 10 seconds...
2025-06-27T12:01:55: Attempting to start bot...
2025-06-27T12:01:56: Retrying in 10 seconds...
2025-06-27T12:02:06: Attempting to start bot...
2025-06-27T12:02:06: Retrying in 10 seconds...
2025-06-27T12:02:16: Attempting to start bot...
2025-06-27T12:02:17: Retrying in 10 seconds...
2025-06-27T12:04:38: Attempting to start bot...
2025-06-27T12:04:42: Retrying in 10 seconds...
2025-06-27T12:05:14: Attempting to start bot...
2025-06-27T12:08:42: Bot started successfully
2025-06-27T12:09:32: Server running on port 3001
2025-06-27T12:09:32: Attempting to start bot...
2025-06-27T12:09:33: Retrying in 10 seconds...
2025-06-27T12:09:43: Attempting to start bot...
2025-06-27T12:09:44: Retrying in 10 seconds...
2025-06-27T12:09:54: Attempting to start bot...
2025-06-27T12:09:54: Retrying in 10 seconds...
2025-06-27T12:10:04: Attempting to start bot...
2025-06-27T12:10:05: Retrying in 10 seconds...
2025-06-27T12:10:07: Server running on port 3001
2025-06-27T12:10:07: Attempting to start bot...
2025-06-27T12:10:07: Retrying in 10 seconds...
2025-06-27T12:10:17: Attempting to start bot...
2025-06-27T12:10:17: Retrying in 10 seconds...
2025-06-27T12:10:27: Attempting to start bot...
2025-06-27T12:10:27: Retrying in 10 seconds...
2025-06-27T12:10:37: Attempting to start bot...
2025-06-27T12:10:38: Retrying in 10 seconds...
2025-06-27T12:10:48: Attempting to start bot...
2025-06-27T12:10:48: Retrying in 10 seconds...
2025-06-27T12:10:58: Attempting to start bot...
2025-06-27T12:10:58: Retrying in 10 seconds...
2025-06-27T12:11:07: Server running on port 3001
2025-06-27T12:11:07: Attempting to start bot...
2025-06-27T12:11:07: Retrying in 10 seconds...
2025-06-27T12:11:17: Attempting to start bot...
2025-06-27T12:11:58: Bot started successfully
2025-06-27T12:12:10: Server running on port 3001
2025-06-27T12:12:10: Attempting to start bot...
2025-06-27T12:12:10: Retrying in 10 seconds...
2025-06-27T12:12:20: Attempting to start bot...
2025-06-27T12:12:21: Retrying in 10 seconds...
2025-06-27T12:12:22: MongoDB connected successfully
2025-06-27T12:12:25: Server running on port 3001
2025-06-27T12:12:25: Attempting to start bot...
2025-06-27T12:12:26: Retrying in 10 seconds...
2025-06-27T12:12:36: Attempting to start bot...
2025-06-27T12:12:36: Retrying in 10 seconds...
2025-06-27T12:12:46: Attempting to start bot...
2025-06-27T12:12:46: Retrying in 10 seconds...
2025-06-27T12:12:56: Attempting to start bot...
2025-06-27T12:13:23: Bot started successfully
2025-06-27T12:13:34: Server running on port 3001
2025-06-27T12:13:34: Attempting to start bot...
2025-06-27T12:13:34: Retrying in 10 seconds...
2025-06-27T12:13:44: Attempting to start bot...
2025-06-27T12:14:37: Bot started successfully
2025-06-27T12:14:48: Server running on port 3001
2025-06-27T12:14:48: Attempting to start bot...
2025-06-27T12:14:48: Retrying in 10 seconds...
2025-06-27T12:14:58: Attempting to start bot...
2025-06-27T12:14:59: Retrying in 10 seconds...
2025-06-27T12:15:09: Attempting to start bot...
2025-06-27T12:15:45: Bot started successfully
2025-06-27T12:15:56: Server running on port 3001
2025-06-27T12:15:56: Attempting to start bot...
2025-06-27T12:15:56: Retrying in 10 seconds...
2025-06-27T12:15:58: MongoDB connected successfully
2025-06-27T12:16:06: Attempting to start bot...
2025-06-27T12:16:07: Retrying in 10 seconds...
2025-06-27T12:16:17: Attempting to start bot...
2025-06-27T12:16:17: Retrying in 10 seconds...
2025-06-27T12:16:27: Attempting to start bot...
2025-06-27T12:16:28: Retrying in 10 seconds...
2025-06-27T12:16:38: Server running on port 3001
2025-06-27T12:16:38: Attempting to start bot...
2025-06-27T12:16:40: MongoDB connected successfully
2025-06-27T12:16:55: Bot started successfully
2025-06-27T12:17:06: Server running on port 3001
2025-06-27T12:17:06: Attempting to start bot...
2025-06-27T12:17:06: Retrying in 10 seconds...
2025-06-27T12:17:08: MongoDB connected successfully
2025-06-27T12:17:16: Attempting to start bot...
2025-06-27T12:17:17: Retrying in 10 seconds...
2025-06-27T12:17:27: Attempting to start bot...
2025-06-27T12:17:27: Retrying in 10 seconds...
2025-06-27T12:17:37: Attempting to start bot...
2025-06-27T12:17:38: Retrying in 10 seconds...
2025-06-27T12:17:48: Attempting to start bot...
2025-06-27T12:17:48: Retrying in 10 seconds...
2025-06-27T12:17:56: Server running on port 3001
2025-06-27T12:17:56: Attempting to start bot...
2025-06-27T12:17:57: Retrying in 10 seconds...
2025-06-27T12:17:59: MongoDB connected successfully
2025-06-27T12:18:07: Attempting to start bot...
2025-06-27T12:18:45: Bot started successfully
2025-06-27T12:18:56: Server running on port 3001
2025-06-27T12:18:56: Attempting to start bot...
2025-06-27T12:18:57: MongoDB connected successfully
2025-06-27T12:19:02: Bot started successfully
2025-06-27T12:19:13: Server running on port 3001
2025-06-27T12:19:13: Attempting to start bot...
2025-06-27T12:19:15: MongoDB connected successfully
2025-06-27T12:20:17: Bot started successfully
2025-06-27T12:20:27: Server running on port 3001
2025-06-27T12:20:27: Attempting to start bot...
2025-06-27T12:20:29: MongoDB connected successfully
2025-06-27T12:21:19: Bot started successfully
2025-06-27T12:21:29: Server running on port 3001
2025-06-27T12:21:29: Attempting to start bot...
2025-06-27T12:21:31: MongoDB connected successfully
2025-06-27T12:22:11: Bot started successfully
2025-06-27T12:22:21: Server running on port 3001
2025-06-27T12:22:21: Attempting to start bot...
2025-06-27T12:22:22: Retrying in 10 seconds...
2025-06-27T12:22:24: MongoDB connected successfully
2025-06-27T12:22:28: Server running on port 3001
2025-06-27T12:22:28: Attempting to start bot...
2025-06-27T12:22:28: Retrying in 10 seconds...
2025-06-27T12:22:30: MongoDB connected successfully
2025-06-27T12:22:38: Attempting to start bot...
2025-06-27T12:23:23: Bot started successfully
2025-06-27T12:23:34: Server running on port 3001
2025-06-27T12:23:34: Attempting to start bot...
2025-06-27T12:23:34: Retrying in 10 seconds...
2025-06-27T12:23:42: MongoDB connected successfully
2025-06-27T12:23:44: Attempting to start bot...
2025-06-27T12:23:56: Bot started successfully
2025-06-27T12:24:23: Server running on port 3001
2025-06-27T12:24:23: Attempting to start bot...
2025-06-27T12:24:23: Retrying in 10 seconds...
2025-06-27T12:24:27: MongoDB connected successfully
2025-06-27T12:24:33: Attempting to start bot...
2025-06-27T12:24:34: Retrying in 10 seconds...
2025-06-27T12:24:44: Attempting to start bot...
